# Library Manager: Remove mapping "subtractor16" of library file "C:/Users/Seth/Desktop/aldec-fall2025/alu-project/subtractor_16/subtractor16/subtractor16/subtractor16.lib".
# Library Manager: Local library "subtractor16" detached.
# Library Manager: Remove mapping "multiplier16" of library file "C:/Users/Seth/Desktop/aldec-fall2025/alu-project/multiplier_16/multiplier16/multiplier16/multiplier16.lib".
# Library Manager: Local library "multiplier16" detached.
# Library Manager: Remove mapping "multiplexer16" of library file "C:/Users/Seth/Desktop/aldec-fall2025/alu-project/multiplexer_16/multiplexer16/multiplexer16/multiplexer16.lib".
# Library Manager: Local library "multiplexer16" detached.
# Library Manager: Remove mapping "halfadder" of library file "C:/Users/Seth/Desktop/aldec-fall2025/alu-project/half_adder/halfadder/halfadder/halfadder.lib".
# Library Manager: Local library "halfadder" detached.
# Library Manager: Remove mapping "gatelib" of library file "C:/Users/Seth/Desktop/aldec-fall2025/alu-project/gatelib/gatelib/gatelib/gatelib.lib".
# Library Manager: Local library "gatelib" detached.
# Library Manager: Remove mapping "fulladder" of library file "C:/Users/Seth/Desktop/aldec-fall2025/alu-project/full_adder/fulladder/fulladder/fulladder.lib".
# Library Manager: Local library "fulladder" detached.
# Library Manager: Remove mapping "adder16" of library file "C:/Users/Seth/Desktop/aldec-fall2025/alu-project/adder_16/adder16/adder16/adder16.lib".
# Library Manager: Local library "adder16" detached.
acom -O3 -e 100 -work alu -2002  $dsn/src/or5gate.vhd $dsn/src/notgate.vhd $dsn/src/and3gate.vhd $dsn/src/andgate.vhd $dsn/src/xorgate.vhd $dsn/src/halfadder.vhd $dsn/src/fulladder.vhd $dsn/src/adder16.vhd $dsn/src/subtractor16.vhd $dsn/src/multiplier16.vhd $dsn/src/multiplexer1.vhd $dsn/src/multiplexer16.vhd $dsn/src/alu.vhd $dsn/src/TestBench/alu_TB.vhd
# Warning: DAGGEN_0523: The source is compiled without the -dbg switch. Line breakpoints and assertion debug will not be available.
# File: C:/Users/Seth/Desktop/aldec-fall2025/alu-project/full_alu/alu/src/or5gate.vhd
# Compile Entity "or5gate"
# Compile Architecture "structural" of Entity "or5gate"
# File: C:/Users/Seth/Desktop/aldec-fall2025/alu-project/full_alu/alu/src/notgate.vhd
# Compile Entity "notgate"
# Compile Architecture "behavioral" of Entity "notgate"
# File: C:/Users/Seth/Desktop/aldec-fall2025/alu-project/full_alu/alu/src/and3gate.vhd
# Compile Entity "and3gate"
# Compile Architecture "behavioral" of Entity "and3gate"
# File: C:/Users/Seth/Desktop/aldec-fall2025/alu-project/full_alu/alu/src/andgate.vhd
# Compile Entity "andgate"
# Compile Architecture "behavioral" of Entity "andgate"
# File: C:/Users/Seth/Desktop/aldec-fall2025/alu-project/full_alu/alu/src/xorgate.vhd
# Compile Entity "xorgate"
# Compile Architecture "behavioral" of Entity "xorgate"
# File: C:/Users/Seth/Desktop/aldec-fall2025/alu-project/full_alu/alu/src/halfadder.vhd
# Compile Entity "halfadder"
# Compile Architecture "structural" of Entity "halfadder"
# File: C:/Users/Seth/Desktop/aldec-fall2025/alu-project/full_alu/alu/src/fulladder.vhd
# Compile Entity "fulladder"
# Compile Architecture "structural" of Entity "fulladder"
# File: C:/Users/Seth/Desktop/aldec-fall2025/alu-project/full_alu/alu/src/adder16.vhd
# Compile Entity "Adder16"
# Compile Architecture "structural" of Entity "Adder16"
# File: C:/Users/Seth/Desktop/aldec-fall2025/alu-project/full_alu/alu/src/subtractor16.vhd
# Compile Entity "subtractor16"
# Compile Architecture "structural" of Entity "subtractor16"
# File: C:/Users/Seth/Desktop/aldec-fall2025/alu-project/full_alu/alu/src/multiplier16.vhd
# Compile Entity "multiplier16"
# Compile Architecture "behavioral" of Entity "multiplier16"
# File: C:/Users/Seth/Desktop/aldec-fall2025/alu-project/full_alu/alu/src/multiplexer1.vhd
# Compile Entity "multiplexer1"
# Compile Architecture "structural" of Entity "multiplexer1"
# File: C:/Users/Seth/Desktop/aldec-fall2025/alu-project/full_alu/alu/src/multiplexer16.vhd
# Compile Entity "multiplexer16"
# Compile Architecture "Structural" of Entity "multiplexer16"
# File: C:/Users/Seth/Desktop/aldec-fall2025/alu-project/full_alu/alu/src/alu.vhd
# Compile Entity "alu"
# Compile Architecture "structural" of Entity "alu"
# File: C:/Users/Seth/Desktop/aldec-fall2025/alu-project/full_alu/alu/src/TestBench/alu_TB.vhd
# Compile Entity "alu_tb"
# Compile Architecture "TB_ARCHITECTURE" of Entity "alu_tb"
# Compile Configuration "TESTBENCH_FOR_alu"
# Compile success 0 Errors 0 Warnings  Analysis time :  0.5 [s]
# ELBREAD: Elaboration process.
# ELBREAD: Elaboration time 0.0 [s].
asim -O5 +access +r +m+alu_tb alu_tb TB_ARCHITECTURE
# ELBREAD: Elaboration process.
# ELBREAD: Elaboration time 0.0 [s].
# VSIM: Stack memory: 32MB
# VSIM: Retval memory: 32MB
# 
# KERNEL: Main thread initiated.
# KERNEL: Kernel process initialization phase.
# ELAB2: Elaboration final pass...
# ELAB2: Create instances ...
# KERNEL: Time resolution set to 1ps.
# ELAB2: Create instances complete.
# SLP: Started
# SLP: Elaboration phase ...
# SLP: Elaboration phase ... skipped, nothing to simulate in SLP mode : 0.0 [s]
# SLP: Finished : 0.0 [s]
# ELAB2: Elaboration final pass complete - time: 0.1 [s].
# KERNEL: Warning: You are using the Active-HDL EDU Edition. The performance of simulation is running at a reduced rate.
# KERNEL: Warning: Contact Aldec for available upgrade options - sales@aldec.com.
# KERNEL: Kernel process initialization done.
# Allocation: Simulator allocated 6258 kB (elbread=261 elab2=5853 kernel=142 sdf=0)
# KERNEL: ASDB file was created in location C:\Users\Seth\Desktop\aldec-fall2025\alu-project\full_alu\alu\src\wave.asdb
#  2:57 PM, Thursday, October 23, 2025
#  Simulation has been initialized
run @150ns
# KERNEL: stopped at time: 150 ns
endsim
# VSIM: Simulation has finished.
