# ELBREAD: Elaboration process.
# ELBREAD: Elaboration time 0.1 [s].
acom -O3 -e 100 -work halfadder -2002  $dsn/src/halfadder.vhd
# Warning: DAGGEN_0523: The source is compiled without the -dbg switch. Line breakpoints and assertion debug will not be available.
# File: C:/Users/Seth/Desktop/aldec-fall2025/alu-project/half_adder/halfadder/src/halfadder.vhd
# Compile Entity "halfadder"
# Compile Architecture "Adder" of Entity "halfadder"
# Compile success 0 Errors 0 Warnings  Analysis time :  78.0 [ms]
acom -O3 -e 100 -work halfadder -2002  $dsn/src/halfadder.vhd
# Warning: DAGGEN_0523: The source is compiled without the -dbg switch. Line breakpoints and assertion debug will not be available.
# File: C:/Users/Seth/Desktop/aldec-fall2025/alu-project/half_adder/halfadder/src/halfadder.vhd
# Compile Entity "halfadder"
# Compile Architecture "structural" of Entity "halfadder"
# Error: COMP96_0111: halfadder.vhd : (17, 5): Labels do not match.
# Compile failure 1 Errors 0 Warnings  Analysis time :  15.0 [ms]
acom -O3 -e 100 -work halfadder -2002  $dsn/src/halfadder.vhd
# Warning: DAGGEN_0523: The source is compiled without the -dbg switch. Line breakpoints and assertion debug will not be available.
# File: C:/Users/Seth/Desktop/aldec-fall2025/alu-project/half_adder/halfadder/src/halfadder.vhd
# Compile Entity "halfadder"
# Compile Architecture "structural" of Entity "halfadder"
# Compile success 0 Errors 0 Warnings  Analysis time :  31.0 [ms]
