Active-HDL 12.0.118.7745 2025-10-21 21:43:05

Elaboration top modules:
Architecture                  TB_ARCHITECTURE(multiplier16_tb)


--------------------------------------------------------------------------------------------------------
Entity          | Architecture    | Library      | Info | Compiler Version        | Compilation Options
--------------------------------------------------------------------------------------------------------
multiplier16_tb | TB_ARCHITECTURE | multiplier16 |      | 12.0.118.7745 (Windows) | -O3
multiplier16    | behavioral      | multiplier16 |      | 12.0.118.7745 (Windows) | -O3
--------------------------------------------------------------------------------------------------------

--------------------------------------------------------------------------------------------------------
VHDL Package                      | Library      | Info | Compiler Version        | Compilation Options
--------------------------------------------------------------------------------------------------------
standard                          | std          |      |                         | <unavailable>
TEXTIO                            | std          |      |                         | <unavailable>
std_logic_1164                    | ieee         |      |                         | <unavailable>
NUMERIC_STD                       | ieee         |      |                         | <unavailable>
--------------------------------------------------------------------------------------------------------

--------------------------------------------------------------------------------------------------------
Library                           | Comment
--------------------------------------------------------------------------------------------------------
ieee                              | Standard IEEE packages library
multiplier16                      | None
std                               | Standard VHDL library
--------------------------------------------------------------------------------------------------------
