Active-HDL 12.0.118.7745 2025-10-25 11:30:25

Elaboration top modules:
VHDL Configuration            testbench_for_fulladder


--------------------------------------------------------------------------------------------------
Entity       | Architecture    | Library   | Info | Compiler Version        | Compilation Options
--------------------------------------------------------------------------------------------------
fulladder_tb | TB_ARCHITECTURE | fulladder |      | 12.0.118.7745 (Windows) | -O3
fulladder    | structural      | fulladder |      | 12.0.118.7745 (Windows) | -O3
halfadder    | structural      | fulladder |      | 12.0.118.7745 (Windows) | -O3
xorgate      | behavioral      | fulladder |      | 12.0.118.7745 (Windows) | -O3
andgate      | behavioral      | fulladder |      | 12.0.118.7745 (Windows) | -O3
--------------------------------------------------------------------------------------------------

--------------------------------------------------------------------------------------------------
VHDL Configuration             | Library   | Info | Compiler Version        | Compilation Options
--------------------------------------------------------------------------------------------------
testbench_for_fulladder        | fulladder |      |                         | <unavailable>
--------------------------------------------------------------------------------------------------

--------------------------------------------------------------------------------------------------
VHDL Package                   | Library   | Info | Compiler Version        | Compilation Options
--------------------------------------------------------------------------------------------------
standard                       | std       |      |                         | <unavailable>
TEXTIO                         | std       |      |                         | <unavailable>
std_logic_1164                 | ieee      |      |                         | <unavailable>
--------------------------------------------------------------------------------------------------

--------------------------------------------------------------------------------------------------
Library                        | Comment
--------------------------------------------------------------------------------------------------
fulladder                      | None
ieee                           | Standard IEEE packages library
std                            | Standard VHDL library
--------------------------------------------------------------------------------------------------
