Active-HDL 12.0.118.7745 2025-10-21 21:06:01

Elaboration top modules:
Architecture                  TB_ARCHITECTURE(halfadder_tb)


--------------------------------------------------------------------------------------------------
Entity       | Architecture    | Library   | Info | Compiler Version        | Compilation Options
--------------------------------------------------------------------------------------------------
halfadder_tb | TB_ARCHITECTURE | halfadder |      | 12.0.118.7745 (Windows) | -O3
halfadder    | structural      | halfadder |      | 12.0.118.7745 (Windows) | -O3
xorgate      | behavioral      | halfadder |      | 12.0.118.7745 (Windows) | -O3
andgate      | behavioral      | halfadder |      | 12.0.118.7745 (Windows) | -O3
--------------------------------------------------------------------------------------------------

--------------------------------------------------------------------------------------------------
VHDL Package                   | Library   | Info | Compiler Version        | Compilation Options
--------------------------------------------------------------------------------------------------
standard                       | std       |      |                         | <unavailable>
TEXTIO                         | std       |      |                         | <unavailable>
std_logic_1164                 | ieee      |      |                         | <unavailable>
--------------------------------------------------------------------------------------------------

--------------------------------------------------------------------------------------------------
Library                        | Comment
--------------------------------------------------------------------------------------------------
halfadder                      | None
ieee                           | Standard IEEE packages library
std                            | Standard VHDL library
--------------------------------------------------------------------------------------------------
