# ELBREAD: Elaboration process.
# ELBREAD: Elaboration time 0.0 [s].
acom -O3 -e 100 -work subtractor16 -2002  $dsn/src/TestBench/subtractor16_TB.vhd
# Warning: DAGGEN_0523: The source is compiled without the -dbg switch. Line breakpoints and assertion debug will not be available.
# File: C:/Users/Seth/Desktop/aldec-fall2025/alu-project/subtractor_16/subtractor16/src/TestBench/subtractor16_TB.vhd
# Compile Entity "subtractor16_tb"
# Compile Architecture "TB_ARCHITECTURE" of Entity "subtractor16_tb"
# Compile Configuration "TESTBENCH_FOR_subtractor16"
# Compile success 0 Errors 0 Warnings  Analysis time :  78.0 [ms]
asim -O5 +access +r +m+subtractor16_tb subtractor16_tb TB_ARCHITECTURE
# ELBREAD: Elaboration process.
# ELBREAD: Elaboration time 0.0 [s].
# VSIM: Stack memory: 32MB
# VSIM: Retval memory: 32MB
# 
# KERNEL: Main thread initiated.
# KERNEL: Kernel process initialization phase.
# ELAB2: Elaboration final pass...
# ELAB2: Create instances ...
# KERNEL: Time resolution set to 1ps.
# ELAB2: Create instances complete.
# SLP: Started
# SLP: Elaboration phase ...
# SLP: Elaboration phase ... skipped, nothing to simulate in SLP mode : 0.0 [s]
# SLP: Finished : 0.0 [s]
# ELAB2: Elaboration final pass complete - time: 0.0 [s].
# KERNEL: Warning: You are using the Active-HDL EDU Edition. The performance of simulation is running at a reduced rate.
# KERNEL: Warning: Contact Aldec for available upgrade options - sales@aldec.com.
# KERNEL: Kernel process initialization done.
# Allocation: Simulator allocated 6211 kB (elbread=258 elab2=5814 kernel=138 sdf=0)
# KERNEL: ASDB file was created in location C:\Users\Seth\Desktop\aldec-fall2025\alu-project\subtractor_16\subtractor16\src\wave.asdb
#  6:11 PM, Wednesday, October 22, 2025
#  Simulation has been initialized
run
# KERNEL: Simulation has finished. There are no more test vectors to simulate.
