acom -reorder -O3 -e 100 -work fulladder -2002  $dsn/src/fulladder.vhd
# Warning: DAGGEN_0523: The source is compiled without the -dbg switch. Line breakpoints and assertion debug will not be available.
# File: C:/Users/Seth/Desktop/aldec-fall2025/alu-project/full_adder/fulladder/src/fulladder.vhd
# Compile Entity "fulladder"
# Compile Architecture "structural" of Entity "fulladder"
# Error: COMP96_0015: fulladder.vhd : (10, 7): ')' expected.
# Error: COMP96_0015: fulladder.vhd : (10, 7): ';' expected.
# Error: COMP96_0019: fulladder.vhd : (10, 9): Keyword 'end' expected.
# Error: COMP96_0015: fulladder.vhd : (10, 9): ';' expected.
# Error: COMP96_0016: fulladder.vhd : (10, 13): Design unit declaration expected.
# Error: COMP96_0019: fulladder.vhd : (19, 5): Keyword 'component' expected.
# Compile failure 6 Errors 0 Warnings  Analysis time :  46.0 [ms]
acom -reorder -O3 -e 100 -work fulladder -2002  $dsn/src/fulladder.vhd
# Warning: DAGGEN_0523: The source is compiled without the -dbg switch. Line breakpoints and assertion debug will not be available.
# File: C:/Users/Seth/Desktop/aldec-fall2025/alu-project/full_adder/fulladder/src/fulladder.vhd
# Compile Entity "fulladder"
# Compile Architecture "structural" of Entity "fulladder"
# Error: COMP96_0015: fulladder.vhd : (10, 7): ')' expected.
# Error: COMP96_0015: fulladder.vhd : (10, 7): ';' expected.
# Error: COMP96_0019: fulladder.vhd : (10, 9): Keyword 'end' expected.
# Error: COMP96_0015: fulladder.vhd : (10, 9): ';' expected.
# Error: COMP96_0016: fulladder.vhd : (10, 13): Design unit declaration expected.
# Error: COMP96_0019: fulladder.vhd : (19, 5): Keyword 'component' expected.
# Compile failure 6 Errors 0 Warnings  Analysis time :  15.0 [ms]
acom -reorder -O3 -e 100 -work fulladder -2002  $dsn/src/fulladder.vhd
# Warning: DAGGEN_0523: The source is compiled without the -dbg switch. Line breakpoints and assertion debug will not be available.
# File: C:/Users/Seth/Desktop/aldec-fall2025/alu-project/full_adder/fulladder/src/fulladder.vhd
# Compile Entity "fulladder"
# Compile Architecture "structural" of Entity "fulladder"
# Error: COMP96_0015: fulladder.vhd : (10, 7): ')' expected.
# Error: COMP96_0015: fulladder.vhd : (10, 7): ';' expected.
# Error: COMP96_0019: fulladder.vhd : (10, 9): Keyword 'end' expected.
# Error: COMP96_0015: fulladder.vhd : (10, 9): ';' expected.
# Error: COMP96_0016: fulladder.vhd : (10, 13): Design unit declaration expected.
# Error: COMP96_0019: fulladder.vhd : (19, 5): Keyword 'component' expected.
# Compile failure 6 Errors 0 Warnings  Analysis time :  31.0 [ms]
acom -reorder -O3 -e 100 -work fulladder -2002  $dsn/src/fulladder.vhd
# Warning: DAGGEN_0523: The source is compiled without the -dbg switch. Line breakpoints and assertion debug will not be available.
# File: C:/Users/Seth/Desktop/aldec-fall2025/alu-project/full_adder/fulladder/src/fulladder.vhd
# Compile Entity "fulladder"
# Compile Architecture "structural" of Entity "fulladder"
# Error: COMP96_0019: fulladder.vhd : (19, 5): Keyword 'component' expected.
# Compile failure 1 Errors 0 Warnings  Analysis time :  16.0 [ms]
acom -O3 -e 100 -work fulladder -2002  $dsn/src/fulladder.vhd
# Warning: DAGGEN_0523: The source is compiled without the -dbg switch. Line breakpoints and assertion debug will not be available.
# File: C:/Users/Seth/Desktop/aldec-fall2025/alu-project/full_adder/fulladder/src/fulladder.vhd
# Compile Entity "fulladder"
# Compile Architecture "structural" of Entity "fulladder"
# Warning: ELAB1_0026: fulladder.vhd : (24, 0): There is no default binding for component "halfadder". (No entity named "halfadder" was found).
# Error: COMP96_0078: fulladder.vhd : (25, 27): Unknown identifier "s1".
# Error: COMP96_0078: fulladder.vhd : (26, 10): Unknown identifier "c1".
# Error: COMP96_0078: fulladder.vhd : (26, 16): Unknown identifier "c2".
# Error: COMP96_0133: fulladder.vhd : (26, 16): Cannot find object declaration.
# Error: COMP96_0133: fulladder.vhd : (26, 10): Cannot find object declaration.
# Error: COMP96_0077: fulladder.vhd : (26, 10): Undefined type of expression. Expected type 'STD_ULOGIC'.
# Compile failure 6 Errors 1 Warnings  Analysis time :  16.0 [ms]
acom -O3 -e 100 -work fulladder -2002  $dsn/src/halfadder.vhd
# Warning: DAGGEN_0523: The source is compiled without the -dbg switch. Line breakpoints and assertion debug will not be available.
# File: C:/Users/Seth/Desktop/aldec-fall2025/alu-project/full_adder/fulladder/src/halfadder.vhd
# Compile Entity "halfadder"
# Error: COMP96_0122: halfadder.vhd : (7, 2): Symbol "a" has already been declared in this scope.
# Compile Architecture "structural" of Entity "halfadder"
# Error: COMP96_0056: halfadder.vhd : (13, 1): Cannot find referenced entity declaration "halfadder".
# Compile failure 2 Errors 0 Warnings  Analysis time :  62.0 [ms]
acom -O3 -e 100 -work fulladder -2002  $dsn/src/halfadder.vhd
# Warning: DAGGEN_0523: The source is compiled without the -dbg switch. Line breakpoints and assertion debug will not be available.
# File: C:/Users/Seth/Desktop/aldec-fall2025/alu-project/full_adder/fulladder/src/halfadder.vhd
# Compile Entity "halfadder"
# Compile Architecture "structural" of Entity "halfadder"
# Compile success 0 Errors 0 Warnings  Analysis time :  63.0 [ms]
acom -O3 -e 100 -work fulladder -2002  $dsn/src/fulladder.vhd
# Warning: DAGGEN_0523: The source is compiled without the -dbg switch. Line breakpoints and assertion debug will not be available.
# File: C:/Users/Seth/Desktop/aldec-fall2025/alu-project/full_adder/fulladder/src/fulladder.vhd
# Compile Entity "fulladder"
# Compile Architecture "structural" of Entity "fulladder"
# Error: COMP96_0078: fulladder.vhd : (25, 27): Unknown identifier "s1".
# Error: COMP96_0078: fulladder.vhd : (26, 10): Unknown identifier "c1".
# Error: COMP96_0078: fulladder.vhd : (26, 16): Unknown identifier "c2".
# Error: COMP96_0133: fulladder.vhd : (26, 16): Cannot find object declaration.
# Error: COMP96_0133: fulladder.vhd : (26, 10): Cannot find object declaration.
# Error: COMP96_0077: fulladder.vhd : (26, 10): Undefined type of expression. Expected type 'STD_ULOGIC'.
# Compile failure 6 Errors 0 Warnings  Analysis time :  15.0 [ms]
acom -O3 -e 100 -work fulladder -2002  $dsn/src/fulladder.vhd
# Warning: DAGGEN_0523: The source is compiled without the -dbg switch. Line breakpoints and assertion debug will not be available.
# File: C:/Users/Seth/Desktop/aldec-fall2025/alu-project/full_adder/fulladder/src/fulladder.vhd
# Compile Entity "fulladder"
# Compile Architecture "structural" of Entity "fulladder"
# Error: COMP96_0078: fulladder.vhd : (26, 10): Unknown identifier "c1".
# Error: COMP96_0078: fulladder.vhd : (26, 16): Unknown identifier "c2".
# Error: COMP96_0133: fulladder.vhd : (26, 16): Cannot find object declaration.
# Error: COMP96_0133: fulladder.vhd : (26, 10): Cannot find object declaration.
# Error: COMP96_0077: fulladder.vhd : (26, 10): Undefined type of expression. Expected type 'STD_ULOGIC'.
# Compile failure 5 Errors 0 Warnings  Analysis time :  16.0 [ms]
acom -O3 -e 100 -work fulladder -2002  $dsn/src/fulladder.vhd
# Warning: DAGGEN_0523: The source is compiled without the -dbg switch. Line breakpoints and assertion debug will not be available.
# File: C:/Users/Seth/Desktop/aldec-fall2025/alu-project/full_adder/fulladder/src/fulladder.vhd
# Compile Entity "fulladder"
# Compile Architecture "structural" of Entity "fulladder"
# Compile success 0 Errors 0 Warnings  Analysis time :  47.0 [ms]
